<?xml version="1.0" encoding="UTF-8"?>
<testng-results ignored="0" total="2" passed="2" failed="0" skipped="0">
  <reporter-output>
    <line>
      <![CDATA[Organization Page Displayed]]>
    </line>
    <line>
      <![CDATA[Organization Page Displayed]]>
    </line>
  </reporter-output>
  <suite started-at="2024-08-01T11:08:26 IST" name="Suite" finished-at="2024-08-01T11:08:35 IST" duration-ms="8972">
    <groups>
    </groups>
    <test started-at="2024-08-01T11:08:26 IST" name="Test" finished-at="2024-08-01T11:08:35 IST" duration-ms="8972">
      <class name="com.vtiger.testcase.organization.VT_Organization2">
        <test-method is-config="true" signature="launchTheBrowser(java.lang.String)[pri:0, instance:com.vtiger.testcase.organization.VT_Organization2@397fbdb]" started-at="2024-08-01T11:08:26 IST" name="launchTheBrowser" finished-at="2024-08-01T11:08:28 IST" duration-ms="2295" status="PASS">
          <params>
            <param index="0">
              <value>
                <![CDATA[chrome]]>
              </value>
            </param>
          </params>
          <reporter-output>
          </reporter-output>
        </test-method> <!-- launchTheBrowser -->
        <test-method is-config="true" signature="performLogin(java.lang.reflect.Method)[pri:0, instance:com.vtiger.testcase.organization.VT_Organization2@397fbdb]" started-at="2024-08-01T11:08:28 IST" name="performLogin" finished-at="2024-08-01T11:08:30 IST" duration-ms="2081" status="PASS">
          <params>
            <param index="0">
              <value>
                <![CDATA[public void com.vtiger.testcase.organization.VT_Organization2.verify_Organization_Page_Is_Displayed2()]]>
              </value>
            </param>
          </params>
          <reporter-output>
          </reporter-output>
        </test-method> <!-- performLogin -->
        <test-method signature="verify_Organization_Page_Is_Displayed2()[pri:0, instance:com.vtiger.testcase.organization.VT_Organization2@397fbdb]" started-at="2024-08-01T11:08:30 IST" name="verify_Organization_Page_Is_Displayed2" finished-at="2024-08-01T11:08:34 IST" duration-ms="3055" status="PASS">
          <reporter-output>
            <line>
              <![CDATA[Organization Page Displayed]]>
            </line>
          </reporter-output>
        </test-method> <!-- verify_Organization_Page_Is_Displayed2 -->
        <test-method is-config="true" signature="performLogout()[pri:0, instance:com.vtiger.testcase.organization.VT_Organization2@397fbdb]" started-at="2024-08-01T11:08:34 IST" name="performLogout" finished-at="2024-08-01T11:08:35 IST" duration-ms="1056" status="PASS">
          <reporter-output>
          </reporter-output>
        </test-method> <!-- performLogout -->
        <test-method is-config="true" signature="closeTheBrowser()[pri:0, instance:com.vtiger.testcase.organization.VT_Organization2@397fbdb]" started-at="2024-08-01T11:08:35 IST" name="closeTheBrowser" finished-at="2024-08-01T11:08:35 IST" duration-ms="461" status="PASS">
          <reporter-output>
          </reporter-output>
        </test-method> <!-- closeTheBrowser -->
      </class> <!-- com.vtiger.testcase.organization.VT_Organization2 -->
      <class name="com.vtiger.testcase.organization.VT_Organization001">
        <test-method is-config="true" signature="reportSetUp()[pri:0, instance:com.vtiger.testcase.organization.VT_Organization001@4802796d]" started-at="2024-08-01T11:08:26 IST" name="reportSetUp" finished-at="2024-08-01T11:08:26 IST" duration-ms="164" status="PASS">
          <reporter-output>
          </reporter-output>
        </test-method> <!-- reportSetUp -->
        <test-method is-config="true" signature="launchTheBrowser(java.lang.String)[pri:0, instance:com.vtiger.testcase.organization.VT_Organization001@4802796d]" started-at="2024-08-01T11:08:26 IST" name="launchTheBrowser" finished-at="2024-08-01T11:08:28 IST" duration-ms="2273" status="PASS">
          <params>
            <param index="0">
              <value>
                <![CDATA[chrome]]>
              </value>
            </param>
          </params>
          <reporter-output>
          </reporter-output>
        </test-method> <!-- launchTheBrowser -->
        <test-method is-config="true" signature="performLogin(java.lang.reflect.Method)[pri:0, instance:com.vtiger.testcase.organization.VT_Organization001@4802796d]" started-at="2024-08-01T11:08:28 IST" name="performLogin" finished-at="2024-08-01T11:08:30 IST" duration-ms="2081" status="PASS">
          <params>
            <param index="0">
              <value>
                <![CDATA[public void com.vtiger.testcase.organization.VT_Organization001.verify_Organization_Page_Is_Displayed()]]>
              </value>
            </param>
          </params>
          <reporter-output>
          </reporter-output>
        </test-method> <!-- performLogin -->
        <test-method signature="verify_Organization_Page_Is_Displayed()[pri:0, instance:com.vtiger.testcase.organization.VT_Organization001@4802796d]" started-at="2024-08-01T11:08:30 IST" name="verify_Organization_Page_Is_Displayed" finished-at="2024-08-01T11:08:34 IST" duration-ms="3064" status="PASS">
          <reporter-output>
            <line>
              <![CDATA[Organization Page Displayed]]>
            </line>
          </reporter-output>
        </test-method> <!-- verify_Organization_Page_Is_Displayed -->
        <test-method is-config="true" signature="performLogout()[pri:0, instance:com.vtiger.testcase.organization.VT_Organization001@4802796d]" started-at="2024-08-01T11:08:34 IST" name="performLogout" finished-at="2024-08-01T11:08:35 IST" duration-ms="1185" status="PASS">
          <reporter-output>
          </reporter-output>
        </test-method> <!-- performLogout -->
        <test-method is-config="true" signature="closeTheBrowser()[pri:0, instance:com.vtiger.testcase.organization.VT_Organization001@4802796d]" started-at="2024-08-01T11:08:35 IST" name="closeTheBrowser" finished-at="2024-08-01T11:08:35 IST" duration-ms="333" status="PASS">
          <reporter-output>
          </reporter-output>
        </test-method> <!-- closeTheBrowser -->
      </class> <!-- com.vtiger.testcase.organization.VT_Organization001 -->
    </test> <!-- Test -->
  </suite> <!-- Suite -->
</testng-results>
