<?xml version="1.0" encoding="UTF-8"?>
<!-- Generated by org.testng.reporters.JUnitXMLReporter -->
<testsuite ignored="1" hostname="TYSS-Rakesh-B" failures="0" tests="2" name="Test" time="8.972" errors="0" timestamp="2024-08-01T11:08:35 IST">
  <testcase classname="com.vtiger.testcase.organization.VT_Organization2" name="verify_Organization_Page_Is_Displayed2" time="3.055"/>
  <testcase classname="com.vtiger.testcase.organization.VT_Organization001" name="verify_Organization_Page_Is_Displayed" time="3.064"/>
  <testcase classname="com.vtiger.genericlibrary.BaseTest" name="@BeforeSuite reportSetUp" time="0.0">
    <ignored/>
  </testcase> <!-- @BeforeSuite reportSetUp -->
</testsuite> <!-- Test -->
